have_func: checking for mysql_ssl_set()... -------------------- yes

"gcc -o conftest -I/Users/michelleveronese/.rvm/rubies/ruby-2.1.3/include/ruby-2.1.0/x86_64-darwin14.0 -I/Users/michelleveronese/.rvm/rubies/ruby-2.1.3/include/ruby-2.1.0/ruby/backward -I/Users/michelleveronese/.rvm/rubies/ruby-2.1.3/include/ruby-2.1.0 -I. -D_XOPEN_SOURCE -D_DARWIN_C_SOURCE -D_DARWIN_UNLIMITED_SELECT -D_REENTRANT   -I/usr/local/Cellar/mysql/5.6.21/include/mysql  -Os -g -fno-strict-aliasing -O3 -I/Users/mpapis/.sm/pkg/active/include -fPIC -mmacosx-version-min=10.7 -pipe conftest.c  -L. -L/Users/michelleveronese/.rvm/rubies/ruby-2.1.3/lib -L. -L/Users/mpapis/.sm/pkg/active/lib -fPIC -Bstatic -fstack-protector   -arch x86_64  -L/usr/local/Cellar/mysql/5.6.21/lib  -lmysqlclient  -lssl -lcrypto  -lruby-static -framework CoreFoundation  -lpthread -ldl -lobjc "
ld: warning: directory not found for option '-L/Users/mpapis/.sm/pkg/active/lib'
checked program was:
/* begin */
1: #include "ruby.h"
2: 
3: int main(int argc, char **argv)
4: {
5:   return 0;
6: }
/* end */

"gcc -o conftest -I/Users/michelleveronese/.rvm/rubies/ruby-2.1.3/include/ruby-2.1.0/x86_64-darwin14.0 -I/Users/michelleveronese/.rvm/rubies/ruby-2.1.3/include/ruby-2.1.0/ruby/backward -I/Users/michelleveronese/.rvm/rubies/ruby-2.1.3/include/ruby-2.1.0 -I. -D_XOPEN_SOURCE -D_DARWIN_C_SOURCE -D_DARWIN_UNLIMITED_SELECT -D_REENTRANT   -I/usr/local/Cellar/mysql/5.6.21/include/mysql  -Os -g -fno-strict-aliasing -O3 -I/Users/mpapis/.sm/pkg/active/include -fPIC -mmacosx-version-min=10.7 -pipe conftest.c  -L. -L/Users/michelleveronese/.rvm/rubies/ruby-2.1.3/lib -L. -L/Users/mpapis/.sm/pkg/active/lib -fPIC -Bstatic -fstack-protector   -arch x86_64  -L/usr/local/Cellar/mysql/5.6.21/lib  -lmysqlclient  -lssl -lcrypto  -lruby-static -framework CoreFoundation -L/usr/local/Cellar/mysql/5.6.21/lib  -lmysqlclient  -lssl -lcrypto  -lpthread -ldl -lobjc "
conftest.c:13:57: error: use of undeclared identifier 'mysql_ssl_set'
int t(void) { void ((*volatile p)()); p = (void ((*)()))mysql_ssl_set; return 0; }
                                                        ^
1 error generated.
checked program was:
/* begin */
 1: #include "ruby.h"
 2: 
 3: /*top*/
 4: extern int t(void);
 5: int main(int argc, char **argv)
 6: {
 7:   if (argc > 1000000) {
 8:     printf("%p", &t);
 9:   }
10: 
11:   return 0;
12: }
13: int t(void) { void ((*volatile p)()); p = (void ((*)()))mysql_ssl_set; return 0; }
/* end */

"gcc -o conftest -I/Users/michelleveronese/.rvm/rubies/ruby-2.1.3/include/ruby-2.1.0/x86_64-darwin14.0 -I/Users/michelleveronese/.rvm/rubies/ruby-2.1.3/include/ruby-2.1.0/ruby/backward -I/Users/michelleveronese/.rvm/rubies/ruby-2.1.3/include/ruby-2.1.0 -I. -D_XOPEN_SOURCE -D_DARWIN_C_SOURCE -D_DARWIN_UNLIMITED_SELECT -D_REENTRANT   -I/usr/local/Cellar/mysql/5.6.21/include/mysql  -Os -g -fno-strict-aliasing -O3 -I/Users/mpapis/.sm/pkg/active/include -fPIC -mmacosx-version-min=10.7 -pipe conftest.c  -L. -L/Users/michelleveronese/.rvm/rubies/ruby-2.1.3/lib -L. -L/Users/mpapis/.sm/pkg/active/lib -fPIC -Bstatic -fstack-protector   -arch x86_64  -L/usr/local/Cellar/mysql/5.6.21/lib  -lmysqlclient  -lssl -lcrypto  -lruby-static -framework CoreFoundation -L/usr/local/Cellar/mysql/5.6.21/lib  -lmysqlclient  -lssl -lcrypto  -lpthread -ldl -lobjc "
conftest.c:13:15: warning: implicit declaration of function 'mysql_ssl_set' is invalid in C99 [-Wimplicit-function-declaration]
int t(void) { mysql_ssl_set(); return 0; }
              ^
1 warning generated.
ld: warning: directory not found for option '-L/Users/mpapis/.sm/pkg/active/lib'
checked program was:
/* begin */
 1: #include "ruby.h"
 2: 
 3: /*top*/
 4: extern int t(void);
 5: int main(int argc, char **argv)
 6: {
 7:   if (argc > 1000000) {
 8:     printf("%p", &t);
 9:   }
10: 
11:   return 0;
12: }
13: int t(void) { mysql_ssl_set(); return 0; }
/* end */

--------------------

have_func: checking for rb_str_set_len()... -------------------- yes

"gcc -o conftest -I/Users/michelleveronese/.rvm/rubies/ruby-2.1.3/include/ruby-2.1.0/x86_64-darwin14.0 -I/Users/michelleveronese/.rvm/rubies/ruby-2.1.3/include/ruby-2.1.0/ruby/backward -I/Users/michelleveronese/.rvm/rubies/ruby-2.1.3/include/ruby-2.1.0 -I. -D_XOPEN_SOURCE -D_DARWIN_C_SOURCE -D_DARWIN_UNLIMITED_SELECT -D_REENTRANT   -I/usr/local/Cellar/mysql/5.6.21/include/mysql  -Os -g -fno-strict-aliasing -O3 -I/Users/mpapis/.sm/pkg/active/include -fPIC -mmacosx-version-min=10.7 -pipe conftest.c  -L. -L/Users/michelleveronese/.rvm/rubies/ruby-2.1.3/lib -L. -L/Users/mpapis/.sm/pkg/active/lib -fPIC -Bstatic -fstack-protector   -arch x86_64  -L/usr/local/Cellar/mysql/5.6.21/lib  -lmysqlclient  -lssl -lcrypto  -lruby-static -framework CoreFoundation -L/usr/local/Cellar/mysql/5.6.21/lib  -lmysqlclient  -lssl -lcrypto  -lpthread -ldl -lobjc "
ld: warning: directory not found for option '-L/Users/mpapis/.sm/pkg/active/lib'
checked program was:
/* begin */
 1: #include "ruby.h"
 2: 
 3: /*top*/
 4: extern int t(void);
 5: int main(int argc, char **argv)
 6: {
 7:   if (argc > 1000000) {
 8:     printf("%p", &t);
 9:   }
10: 
11:   return 0;
12: }
13: int t(void) { void ((*volatile p)()); p = (void ((*)()))rb_str_set_len; return 0; }
/* end */

--------------------

have_func: checking for rb_thread_start_timer()... -------------------- no

"gcc -o conftest -I/Users/michelleveronese/.rvm/rubies/ruby-2.1.3/include/ruby-2.1.0/x86_64-darwin14.0 -I/Users/michelleveronese/.rvm/rubies/ruby-2.1.3/include/ruby-2.1.0/ruby/backward -I/Users/michelleveronese/.rvm/rubies/ruby-2.1.3/include/ruby-2.1.0 -I. -D_XOPEN_SOURCE -D_DARWIN_C_SOURCE -D_DARWIN_UNLIMITED_SELECT -D_REENTRANT   -I/usr/local/Cellar/mysql/5.6.21/include/mysql  -Os -g -fno-strict-aliasing -O3 -I/Users/mpapis/.sm/pkg/active/include -fPIC -mmacosx-version-min=10.7 -pipe conftest.c  -L. -L/Users/michelleveronese/.rvm/rubies/ruby-2.1.3/lib -L. -L/Users/mpapis/.sm/pkg/active/lib -fPIC -Bstatic -fstack-protector   -arch x86_64  -L/usr/local/Cellar/mysql/5.6.21/lib  -lmysqlclient  -lssl -lcrypto  -lruby-static -framework CoreFoundation -L/usr/local/Cellar/mysql/5.6.21/lib  -lmysqlclient  -lssl -lcrypto  -lpthread -ldl -lobjc "
conftest.c:13:57: error: use of undeclared identifier 'rb_thread_start_timer'
int t(void) { void ((*volatile p)()); p = (void ((*)()))rb_thread_start_timer; return 0; }
                                                        ^
1 error generated.
checked program was:
/* begin */
 1: #include "ruby.h"
 2: 
 3: /*top*/
 4: extern int t(void);
 5: int main(int argc, char **argv)
 6: {
 7:   if (argc > 1000000) {
 8:     printf("%p", &t);
 9:   }
10: 
11:   return 0;
12: }
13: int t(void) { void ((*volatile p)()); p = (void ((*)()))rb_thread_start_timer; return 0; }
/* end */

"gcc -o conftest -I/Users/michelleveronese/.rvm/rubies/ruby-2.1.3/include/ruby-2.1.0/x86_64-darwin14.0 -I/Users/michelleveronese/.rvm/rubies/ruby-2.1.3/include/ruby-2.1.0/ruby/backward -I/Users/michelleveronese/.rvm/rubies/ruby-2.1.3/include/ruby-2.1.0 -I. -D_XOPEN_SOURCE -D_DARWIN_C_SOURCE -D_DARWIN_UNLIMITED_SELECT -D_REENTRANT   -I/usr/local/Cellar/mysql/5.6.21/include/mysql  -Os -g -fno-strict-aliasing -O3 -I/Users/mpapis/.sm/pkg/active/include -fPIC -mmacosx-version-min=10.7 -pipe conftest.c  -L. -L/Users/michelleveronese/.rvm/rubies/ruby-2.1.3/lib -L. -L/Users/mpapis/.sm/pkg/active/lib -fPIC -Bstatic -fstack-protector   -arch x86_64  -L/usr/local/Cellar/mysql/5.6.21/lib  -lmysqlclient  -lssl -lcrypto  -lruby-static -framework CoreFoundation -L/usr/local/Cellar/mysql/5.6.21/lib  -lmysqlclient  -lssl -lcrypto  -lpthread -ldl -lobjc "
conftest.c:13:15: warning: implicit declaration of function 'rb_thread_start_timer' is invalid in C99 [-Wimplicit-function-declaration]
int t(void) { rb_thread_start_timer(); return 0; }
              ^
1 warning generated.
ld: warning: directory not found for option '-L/Users/mpapis/.sm/pkg/active/lib'
Undefined symbols for architecture x86_64:
  "_rb_thread_start_timer", referenced from:
      _t in conftest-hALCWV.o
ld: symbol(s) not found for architecture x86_64
clang: error: linker command failed with exit code 1 (use -v to see invocation)
checked program was:
/* begin */
 1: #include "ruby.h"
 2: 
 3: /*top*/
 4: extern int t(void);
 5: int main(int argc, char **argv)
 6: {
 7:   if (argc > 1000000) {
 8:     printf("%p", &t);
 9:   }
10: 
11:   return 0;
12: }
13: int t(void) { rb_thread_start_timer(); return 0; }
/* end */

--------------------

have_header: checking for mysql.h... -------------------- yes

"gcc -E -I/Users/michelleveronese/.rvm/rubies/ruby-2.1.3/include/ruby-2.1.0/x86_64-darwin14.0 -I/Users/michelleveronese/.rvm/rubies/ruby-2.1.3/include/ruby-2.1.0/ruby/backward -I/Users/michelleveronese/.rvm/rubies/ruby-2.1.3/include/ruby-2.1.0 -I. -D_XOPEN_SOURCE -D_DARWIN_C_SOURCE -D_DARWIN_UNLIMITED_SELECT -D_REENTRANT   -I/usr/local/Cellar/mysql/5.6.21/include/mysql  -Os -g -fno-strict-aliasing -O3 -I/Users/mpapis/.sm/pkg/active/include -fPIC -mmacosx-version-min=10.7 -pipe  conftest.c -o conftest.i"
checked program was:
/* begin */
1: #include "ruby.h"
2: 
3: #include <mysql.h>
/* end */

--------------------

